<?xml version="1.0" encoding="UTF-8"?>
<testsuite name="PB.APITests" tests="2" skipped="0" failures="0" errors="0" timestamp="2018-02-09T20:11:03" hostname="JAKEPC" time="1.602">
  <properties/>
  <testcase name="testLocation" classname="PB.APITests" time="1.234"/>
  <testcase name="testAhjs" classname="PB.APITests" time="0.367"/>
  <system-out><![CDATA[14:11:03.770 [Test worker] DEBUG org.apache.http.client.protocol.RequestAddCookies - CookieSpec selected: default
14:11:03.782 [Test worker] DEBUG org.apache.http.client.protocol.RequestAuthCache - Auth cache not set in the context
14:11:03.784 [Test worker] DEBUG org.apache.http.impl.conn.PoolingHttpClientConnectionManager - Connection request: [route: {s}->https://api.pitneybowes.com:443][total kept alive: 0; route allocated: 0 of 2; total allocated: 0 of 20]
14:11:03.798 [Test worker] DEBUG org.apache.http.impl.conn.PoolingHttpClientConnectionManager - Connection leased: [id: 0][route: {s}->https://api.pitneybowes.com:443][total kept alive: 0; route allocated: 1 of 2; total allocated: 1 of 20]
14:11:03.799 [Test worker] DEBUG org.apache.http.impl.execchain.MainClientExec - Opening connection {s}->https://api.pitneybowes.com:443
14:11:03.887 [Test worker] DEBUG org.apache.http.impl.conn.DefaultHttpClientConnectionOperator - Connecting to api.pitneybowes.com/52.22.139.42:443
14:11:03.888 [Test worker] DEBUG org.apache.http.conn.ssl.SSLConnectionSocketFactory - Connecting socket to api.pitneybowes.com/52.22.139.42:443 with timeout 10000
14:11:03.988 [Test worker] DEBUG org.apache.http.conn.ssl.SSLConnectionSocketFactory - Enabled protocols: [TLSv1, TLSv1.1, TLSv1.2]
14:11:03.988 [Test worker] DEBUG org.apache.http.conn.ssl.SSLConnectionSocketFactory - Enabled cipher suites:[TLS_ECDHE_ECDSA_WITH_AES_128_CBC_SHA256, TLS_ECDHE_RSA_WITH_AES_128_CBC_SHA256, TLS_RSA_WITH_AES_128_CBC_SHA256, TLS_ECDH_ECDSA_WITH_AES_128_CBC_SHA256, TLS_ECDH_RSA_WITH_AES_128_CBC_SHA256, TLS_DHE_RSA_WITH_AES_128_CBC_SHA256, TLS_DHE_DSS_WITH_AES_128_CBC_SHA256, TLS_ECDHE_ECDSA_WITH_AES_128_CBC_SHA, TLS_ECDHE_RSA_WITH_AES_128_CBC_SHA, TLS_RSA_WITH_AES_128_CBC_SHA, TLS_ECDH_ECDSA_WITH_AES_128_CBC_SHA, TLS_ECDH_RSA_WITH_AES_128_CBC_SHA, TLS_DHE_RSA_WITH_AES_128_CBC_SHA, TLS_DHE_DSS_WITH_AES_128_CBC_SHA, TLS_ECDHE_ECDSA_WITH_AES_128_GCM_SHA256, TLS_ECDHE_RSA_WITH_AES_128_GCM_SHA256, TLS_RSA_WITH_AES_128_GCM_SHA256, TLS_ECDH_ECDSA_WITH_AES_128_GCM_SHA256, TLS_ECDH_RSA_WITH_AES_128_GCM_SHA256, TLS_DHE_RSA_WITH_AES_128_GCM_SHA256, TLS_DHE_DSS_WITH_AES_128_GCM_SHA256, TLS_ECDHE_ECDSA_WITH_3DES_EDE_CBC_SHA, TLS_ECDHE_RSA_WITH_3DES_EDE_CBC_SHA, SSL_RSA_WITH_3DES_EDE_CBC_SHA, TLS_ECDH_ECDSA_WITH_3DES_EDE_CBC_SHA, TLS_ECDH_RSA_WITH_3DES_EDE_CBC_SHA, SSL_DHE_RSA_WITH_3DES_EDE_CBC_SHA, SSL_DHE_DSS_WITH_3DES_EDE_CBC_SHA, TLS_EMPTY_RENEGOTIATION_INFO_SCSV]
14:11:03.988 [Test worker] DEBUG org.apache.http.conn.ssl.SSLConnectionSocketFactory - Starting handshake
14:11:04.147 [Test worker] DEBUG org.apache.http.conn.ssl.SSLConnectionSocketFactory - Secure session established
14:11:04.147 [Test worker] DEBUG org.apache.http.conn.ssl.SSLConnectionSocketFactory -  negotiated protocol: TLSv1.2
14:11:04.147 [Test worker] DEBUG org.apache.http.conn.ssl.SSLConnectionSocketFactory -  negotiated cipher suite: TLS_ECDHE_RSA_WITH_AES_128_GCM_SHA256
14:11:04.147 [Test worker] DEBUG org.apache.http.conn.ssl.SSLConnectionSocketFactory -  peer principal: CN=*.pitneybowes.com, OU=PSG, O=Pitney Bowes, L=Danbury, ST=Connecticut, C=US
14:11:04.147 [Test worker] DEBUG org.apache.http.conn.ssl.SSLConnectionSocketFactory -  peer alternative names: [*.pitneybowes.com, pitneybowes.com]
14:11:04.147 [Test worker] DEBUG org.apache.http.conn.ssl.SSLConnectionSocketFactory -  issuer principal: CN=Symantec Class 3 Secure Server CA - G4, OU=Symantec Trust Network, O=Symantec Corporation, C=US
14:11:04.151 [Test worker] DEBUG org.apache.http.impl.conn.DefaultHttpClientConnectionOperator - Connection established 192.168.86.187:53803<->52.22.139.42:443
14:11:04.151 [Test worker] DEBUG org.apache.http.impl.conn.DefaultManagedHttpClientConnection - http-outgoing-0: set socket timeout to 60000
14:11:04.151 [Test worker] DEBUG org.apache.http.impl.execchain.MainClientExec - Executing request POST /oauth/token HTTP/1.1
14:11:04.151 [Test worker] DEBUG org.apache.http.impl.execchain.MainClientExec - Proxy auth state: UNCHALLENGED
14:11:04.153 [Test worker] DEBUG org.apache.http.headers - http-outgoing-0 >> POST /oauth/token HTTP/1.1
14:11:04.153 [Test worker] DEBUG org.apache.http.headers - http-outgoing-0 >> authorization: Basic aHFxdVFUbjlBQTRHV09BS3lxQ3BwcG5GUTBaM251SE06Vzd6cDJ5SDB0VGk2TEdBUg==
14:11:04.153 [Test worker] DEBUG org.apache.http.headers - http-outgoing-0 >> content-type: application/x-www-form-urlencoded
14:11:04.153 [Test worker] DEBUG org.apache.http.headers - http-outgoing-0 >> accept-encoding: gzip
14:11:04.153 [Test worker] DEBUG org.apache.http.headers - http-outgoing-0 >> user-agent: unirest-java/1.1
14:11:04.153 [Test worker] DEBUG org.apache.http.headers - http-outgoing-0 >> Content-Length: 29
14:11:04.153 [Test worker] DEBUG org.apache.http.headers - http-outgoing-0 >> Host: api.pitneybowes.com
14:11:04.153 [Test worker] DEBUG org.apache.http.headers - http-outgoing-0 >> Connection: Keep-Alive
14:11:04.154 [Test worker] DEBUG org.apache.http.wire - http-outgoing-0 >> "POST /oauth/token HTTP/1.1[\r][\n]"
14:11:04.154 [Test worker] DEBUG org.apache.http.wire - http-outgoing-0 >> "authorization: Basic aHFxdVFUbjlBQTRHV09BS3lxQ3BwcG5GUTBaM251SE06Vzd6cDJ5SDB0VGk2TEdBUg==[\r][\n]"
14:11:04.154 [Test worker] DEBUG org.apache.http.wire - http-outgoing-0 >> "content-type: application/x-www-form-urlencoded[\r][\n]"
14:11:04.154 [Test worker] DEBUG org.apache.http.wire - http-outgoing-0 >> "accept-encoding: gzip[\r][\n]"
14:11:04.154 [Test worker] DEBUG org.apache.http.wire - http-outgoing-0 >> "user-agent: unirest-java/1.1[\r][\n]"
14:11:04.154 [Test worker] DEBUG org.apache.http.wire - http-outgoing-0 >> "Content-Length: 29[\r][\n]"
14:11:04.154 [Test worker] DEBUG org.apache.http.wire - http-outgoing-0 >> "Host: api.pitneybowes.com[\r][\n]"
14:11:04.154 [Test worker] DEBUG org.apache.http.wire - http-outgoing-0 >> "Connection: Keep-Alive[\r][\n]"
14:11:04.154 [Test worker] DEBUG org.apache.http.wire - http-outgoing-0 >> "[\r][\n]"
14:11:04.154 [Test worker] DEBUG org.apache.http.wire - http-outgoing-0 >> "grant_type=client_credentials"
14:11:04.411 [Test worker] DEBUG org.apache.http.wire - http-outgoing-0 << "HTTP/1.1 200 OK[\r][\n]"
14:11:04.411 [Test worker] DEBUG org.apache.http.wire - http-outgoing-0 << "Access-Control-Allow-Origin: *[\r][\n]"
14:11:04.411 [Test worker] DEBUG org.apache.http.wire - http-outgoing-0 << "Content-Type: application/json[\r][\n]"
14:11:04.411 [Test worker] DEBUG org.apache.http.wire - http-outgoing-0 << "Date: Fri, 09 Feb 2018 20:11:04 GMT[\r][\n]"
14:11:04.411 [Test worker] DEBUG org.apache.http.wire - http-outgoing-0 << "Content-Length: 186[\r][\n]"
14:11:04.412 [Test worker] DEBUG org.apache.http.wire - http-outgoing-0 << "Connection: keep-alive[\r][\n]"
14:11:04.412 [Test worker] DEBUG org.apache.http.wire - http-outgoing-0 << "[\r][\n]"
14:11:04.412 [Test worker] DEBUG org.apache.http.wire - http-outgoing-0 << "{"access_token":"4Z3trs36BMmvbsQcfGkMDW8zCbE6","tokenType":"BearerToken","issuedAt":"1518207064212","expiresIn":"35999","clientID":"hqquQTn9AA4GWOAKyqCpppnFQ0Z3nuHM","org":"pitneybowes"}"
14:11:04.416 [Test worker] DEBUG org.apache.http.headers - http-outgoing-0 << HTTP/1.1 200 OK
14:11:04.416 [Test worker] DEBUG org.apache.http.headers - http-outgoing-0 << Access-Control-Allow-Origin: *
14:11:04.416 [Test worker] DEBUG org.apache.http.headers - http-outgoing-0 << Content-Type: application/json
14:11:04.416 [Test worker] DEBUG org.apache.http.headers - http-outgoing-0 << Date: Fri, 09 Feb 2018 20:11:04 GMT
14:11:04.416 [Test worker] DEBUG org.apache.http.headers - http-outgoing-0 << Content-Length: 186
14:11:04.416 [Test worker] DEBUG org.apache.http.headers - http-outgoing-0 << Connection: keep-alive
14:11:04.424 [Test worker] DEBUG org.apache.http.impl.execchain.MainClientExec - Connection can be kept alive indefinitely
14:11:04.429 [Test worker] DEBUG org.apache.http.impl.conn.PoolingHttpClientConnectionManager - Connection [id: 0][route: {s}->https://api.pitneybowes.com:443] can be kept alive indefinitely
14:11:04.430 [Test worker] DEBUG org.apache.http.impl.conn.PoolingHttpClientConnectionManager - Connection released: [id: 0][route: {s}->https://api.pitneybowes.com:443][total kept alive: 1; route allocated: 1 of 2; total allocated: 1 of 20]
14:11:04.437 [Test worker] INFO controller.PBAPI - successfully authenticated with access token: 4Z3trs36BMmvbsQcfGkMDW8zCbE6
14:11:04.443 [Test worker] DEBUG org.apache.http.client.protocol.RequestAddCookies - CookieSpec selected: default
14:11:04.443 [Test worker] DEBUG org.apache.http.client.protocol.RequestAuthCache - Auth cache not set in the context
14:11:04.444 [Test worker] DEBUG org.apache.http.impl.conn.PoolingHttpClientConnectionManager - Connection request: [route: {s}->https://api.pitneybowes.com:443][total kept alive: 1; route allocated: 1 of 2; total allocated: 1 of 20]
14:11:04.444 [Test worker] DEBUG org.apache.http.impl.conn.PoolingHttpClientConnectionManager - Connection leased: [id: 0][route: {s}->https://api.pitneybowes.com:443][total kept alive: 0; route allocated: 1 of 2; total allocated: 1 of 20]
14:11:04.444 [Test worker] DEBUG org.apache.http.impl.conn.DefaultManagedHttpClientConnection - http-outgoing-0: set socket timeout to 60000
14:11:04.445 [Test worker] DEBUG org.apache.http.impl.execchain.MainClientExec - Executing request GET /location-intelligence/geoenrich/v1/address/bylocation?latitude=44.9256313&longitude=-93.20988499999999&searchRadius=2640&searchRadiusUnit=feet HTTP/1.1
14:11:04.445 [Test worker] DEBUG org.apache.http.impl.execchain.MainClientExec - Proxy auth state: UNCHALLENGED
14:11:04.445 [Test worker] DEBUG org.apache.http.headers - http-outgoing-0 >> GET /location-intelligence/geoenrich/v1/address/bylocation?latitude=44.9256313&longitude=-93.20988499999999&searchRadius=2640&searchRadiusUnit=feet HTTP/1.1
14:11:04.445 [Test worker] DEBUG org.apache.http.headers - http-outgoing-0 >> authorization: Bearer 4Z3trs36BMmvbsQcfGkMDW8zCbE6
14:11:04.445 [Test worker] DEBUG org.apache.http.headers - http-outgoing-0 >> accept-encoding: gzip
14:11:04.445 [Test worker] DEBUG org.apache.http.headers - http-outgoing-0 >> user-agent: unirest-java/1.1
14:11:04.445 [Test worker] DEBUG org.apache.http.headers - http-outgoing-0 >> Host: api.pitneybowes.com
14:11:04.445 [Test worker] DEBUG org.apache.http.headers - http-outgoing-0 >> Connection: Keep-Alive
14:11:04.445 [Test worker] DEBUG org.apache.http.wire - http-outgoing-0 >> "GET /location-intelligence/geoenrich/v1/address/bylocation?latitude=44.9256313&longitude=-93.20988499999999&searchRadius=2640&searchRadiusUnit=feet HTTP/1.1[\r][\n]"
14:11:04.445 [Test worker] DEBUG org.apache.http.wire - http-outgoing-0 >> "authorization: Bearer 4Z3trs36BMmvbsQcfGkMDW8zCbE6[\r][\n]"
14:11:04.445 [Test worker] DEBUG org.apache.http.wire - http-outgoing-0 >> "accept-encoding: gzip[\r][\n]"
14:11:04.445 [Test worker] DEBUG org.apache.http.wire - http-outgoing-0 >> "user-agent: unirest-java/1.1[\r][\n]"
14:11:04.445 [Test worker] DEBUG org.apache.http.wire - http-outgoing-0 >> "Host: api.pitneybowes.com[\r][\n]"
14:11:04.445 [Test worker] DEBUG org.apache.http.wire - http-outgoing-0 >> "Connection: Keep-Alive[\r][\n]"
14:11:04.445 [Test worker] DEBUG org.apache.http.wire - http-outgoing-0 >> "[\r][\n]"
14:11:04.599 [Test worker] DEBUG org.apache.http.wire - http-outgoing-0 << "HTTP/1.1 200 OK[\r][\n]"
14:11:04.600 [Test worker] DEBUG org.apache.http.wire - http-outgoing-0 << "Access-Control-Allow-Credentials: true[\r][\n]"
14:11:04.600 [Test worker] DEBUG org.apache.http.wire - http-outgoing-0 << "Access-Control-Allow-Headers: accept, authorization, content-type[\r][\n]"
14:11:04.600 [Test worker] DEBUG org.apache.http.wire - http-outgoing-0 << "Access-Control-Allow-Methods: GET, PUT, POST, DELETE, OPTIONS[\r][\n]"
14:11:04.600 [Test worker] DEBUG org.apache.http.wire - http-outgoing-0 << "Access-Control-Allow-Origin: *[\r][\n]"
14:11:04.600 [Test worker] DEBUG org.apache.http.wire - http-outgoing-0 << "Access-Control-Max-Age: 3628800[\r][\n]"
14:11:04.600 [Test worker] DEBUG org.apache.http.wire - http-outgoing-0 << "Content-Type: application/json[\r][\n]"
14:11:04.600 [Test worker] DEBUG org.apache.http.wire - http-outgoing-0 << "Date: Fri, 09 Feb 2018 20:11:04 GMT[\r][\n]"
14:11:04.600 [Test worker] DEBUG org.apache.http.wire - http-outgoing-0 << "X-PB-IsBilled: true[\r][\n]"
14:11:04.601 [Test worker] DEBUG org.apache.http.wire - http-outgoing-0 << "X-PB-MessageWeight: 3[\r][\n]"
14:11:04.601 [Test worker] DEBUG org.apache.http.wire - http-outgoing-0 << "X-PB-TransactionID: rrt-0ff8d92d5dd7496f3-b-ea-3401-3745540-5[\r][\n]"
14:11:04.601 [Test worker] DEBUG org.apache.http.wire - http-outgoing-0 << "Content-Length: 587[\r][\n]"
14:11:04.601 [Test worker] DEBUG org.apache.http.wire - http-outgoing-0 << "Connection: keep-alive[\r][\n]"
14:11:04.601 [Test worker] DEBUG org.apache.http.wire - http-outgoing-0 << "[\r][\n]"
14:11:04.601 [Test worker] DEBUG org.apache.http.wire - http-outgoing-0 << "{"location":[{"match":{"precisionLevel":"0","locationCode":"AP02","matchCode":"NP0"},"address":{"formattedAddress":"4241 44TH AVE S MINNEAPOLIS, MN  55406-3540","mainAddressLine":"4241 44TH AVE S","addressLastLine":"MINNEAPOLIS, MN  55406-3540","placeName":"","areaName1":"MN","areaName2":"HENNEPIN COUNTY","areaName3":"MINNEAPOLIS","areaName4":"","postCode":"55406","postCodeExt":"3540","country":"USA","addressNumber":"4241","streetName":"44TH","unitType":"","unitValue":""},"distance":{"unit":"FEET","value":"11.900"},"geometry":{"type":"Point","coordinates":[-93.20985,44.925609]}}]}"
14:11:04.602 [Test worker] DEBUG org.apache.http.headers - http-outgoing-0 << HTTP/1.1 200 OK
14:11:04.602 [Test worker] DEBUG org.apache.http.headers - http-outgoing-0 << Access-Control-Allow-Credentials: true
14:11:04.602 [Test worker] DEBUG org.apache.http.headers - http-outgoing-0 << Access-Control-Allow-Headers: accept, authorization, content-type
14:11:04.602 [Test worker] DEBUG org.apache.http.headers - http-outgoing-0 << Access-Control-Allow-Methods: GET, PUT, POST, DELETE, OPTIONS
14:11:04.602 [Test worker] DEBUG org.apache.http.headers - http-outgoing-0 << Access-Control-Allow-Origin: *
14:11:04.603 [Test worker] DEBUG org.apache.http.headers - http-outgoing-0 << Access-Control-Max-Age: 3628800
14:11:04.603 [Test worker] DEBUG org.apache.http.headers - http-outgoing-0 << Content-Type: application/json
14:11:04.603 [Test worker] DEBUG org.apache.http.headers - http-outgoing-0 << Date: Fri, 09 Feb 2018 20:11:04 GMT
14:11:04.603 [Test worker] DEBUG org.apache.http.headers - http-outgoing-0 << X-PB-IsBilled: true
14:11:04.603 [Test worker] DEBUG org.apache.http.headers - http-outgoing-0 << X-PB-MessageWeight: 3
14:11:04.603 [Test worker] DEBUG org.apache.http.headers - http-outgoing-0 << X-PB-TransactionID: rrt-0ff8d92d5dd7496f3-b-ea-3401-3745540-5
14:11:04.603 [Test worker] DEBUG org.apache.http.headers - http-outgoing-0 << Content-Length: 587
14:11:04.603 [Test worker] DEBUG org.apache.http.headers - http-outgoing-0 << Connection: keep-alive
14:11:04.604 [Test worker] DEBUG org.apache.http.impl.execchain.MainClientExec - Connection can be kept alive indefinitely
14:11:04.604 [Test worker] DEBUG org.apache.http.impl.conn.PoolingHttpClientConnectionManager - Connection [id: 0][route: {s}->https://api.pitneybowes.com:443] can be kept alive indefinitely
14:11:04.604 [Test worker] DEBUG org.apache.http.impl.conn.PoolingHttpClientConnectionManager - Connection released: [id: 0][route: {s}->https://api.pitneybowes.com:443][total kept alive: 1; route allocated: 1 of 2; total allocated: 1 of 20]
THE RESPONSE:::: 4241 44TH AVE S MINNEAPOLIS, MN  55406-3540
14:11:04.611 [Test worker] DEBUG org.apache.http.client.protocol.RequestAddCookies - CookieSpec selected: default
14:11:04.611 [Test worker] DEBUG org.apache.http.client.protocol.RequestAuthCache - Auth cache not set in the context
14:11:04.612 [Test worker] DEBUG org.apache.http.impl.conn.PoolingHttpClientConnectionManager - Connection request: [route: {s}->https://api.pitneybowes.com:443][total kept alive: 1; route allocated: 1 of 2; total allocated: 1 of 20]
14:11:04.612 [Test worker] DEBUG org.apache.http.impl.conn.PoolingHttpClientConnectionManager - Connection leased: [id: 0][route: {s}->https://api.pitneybowes.com:443][total kept alive: 0; route allocated: 1 of 2; total allocated: 1 of 20]
14:11:04.612 [Test worker] DEBUG org.apache.http.impl.conn.DefaultManagedHttpClientConnection - http-outgoing-0: set socket timeout to 60000
14:11:04.612 [Test worker] DEBUG org.apache.http.impl.execchain.MainClientExec - Executing request POST /oauth/token HTTP/1.1
14:11:04.612 [Test worker] DEBUG org.apache.http.impl.execchain.MainClientExec - Proxy auth state: UNCHALLENGED
14:11:04.613 [Test worker] DEBUG org.apache.http.headers - http-outgoing-0 >> POST /oauth/token HTTP/1.1
14:11:04.613 [Test worker] DEBUG org.apache.http.headers - http-outgoing-0 >> authorization: Basic aHFxdVFUbjlBQTRHV09BS3lxQ3BwcG5GUTBaM251SE06Vzd6cDJ5SDB0VGk2TEdBUg==
14:11:04.613 [Test worker] DEBUG org.apache.http.headers - http-outgoing-0 >> content-type: application/x-www-form-urlencoded
14:11:04.613 [Test worker] DEBUG org.apache.http.headers - http-outgoing-0 >> accept-encoding: gzip
14:11:04.613 [Test worker] DEBUG org.apache.http.headers - http-outgoing-0 >> user-agent: unirest-java/1.1
14:11:04.613 [Test worker] DEBUG org.apache.http.headers - http-outgoing-0 >> Content-Length: 29
14:11:04.613 [Test worker] DEBUG org.apache.http.headers - http-outgoing-0 >> Host: api.pitneybowes.com
14:11:04.614 [Test worker] DEBUG org.apache.http.headers - http-outgoing-0 >> Connection: Keep-Alive
14:11:04.614 [Test worker] DEBUG org.apache.http.wire - http-outgoing-0 >> "POST /oauth/token HTTP/1.1[\r][\n]"
14:11:04.614 [Test worker] DEBUG org.apache.http.wire - http-outgoing-0 >> "authorization: Basic aHFxdVFUbjlBQTRHV09BS3lxQ3BwcG5GUTBaM251SE06Vzd6cDJ5SDB0VGk2TEdBUg==[\r][\n]"
14:11:04.614 [Test worker] DEBUG org.apache.http.wire - http-outgoing-0 >> "content-type: application/x-www-form-urlencoded[\r][\n]"
14:11:04.614 [Test worker] DEBUG org.apache.http.wire - http-outgoing-0 >> "accept-encoding: gzip[\r][\n]"
14:11:04.614 [Test worker] DEBUG org.apache.http.wire - http-outgoing-0 >> "user-agent: unirest-java/1.1[\r][\n]"
14:11:04.614 [Test worker] DEBUG org.apache.http.wire - http-outgoing-0 >> "Content-Length: 29[\r][\n]"
14:11:04.618 [Test worker] DEBUG org.apache.http.wire - http-outgoing-0 >> "Host: api.pitneybowes.com[\r][\n]"
14:11:04.618 [Test worker] DEBUG org.apache.http.wire - http-outgoing-0 >> "Connection: Keep-Alive[\r][\n]"
14:11:04.618 [Test worker] DEBUG org.apache.http.wire - http-outgoing-0 >> "[\r][\n]"
14:11:04.618 [Test worker] DEBUG org.apache.http.wire - http-outgoing-0 >> "grant_type=client_credentials"
14:11:04.835 [Test worker] DEBUG org.apache.http.wire - http-outgoing-0 << "HTTP/1.1 200 OK[\r][\n]"
14:11:04.835 [Test worker] DEBUG org.apache.http.wire - http-outgoing-0 << "Access-Control-Allow-Origin: *[\r][\n]"
14:11:04.835 [Test worker] DEBUG org.apache.http.wire - http-outgoing-0 << "Content-Type: application/json[\r][\n]"
14:11:04.835 [Test worker] DEBUG org.apache.http.wire - http-outgoing-0 << "Date: Fri, 09 Feb 2018 20:11:04 GMT[\r][\n]"
14:11:04.835 [Test worker] DEBUG org.apache.http.wire - http-outgoing-0 << "Content-Length: 186[\r][\n]"
14:11:04.835 [Test worker] DEBUG org.apache.http.wire - http-outgoing-0 << "Connection: keep-alive[\r][\n]"
14:11:04.835 [Test worker] DEBUG org.apache.http.wire - http-outgoing-0 << "[\r][\n]"
14:11:04.836 [Test worker] DEBUG org.apache.http.wire - http-outgoing-0 << "{"access_token":"ZxERkr57Ew5Vj584A595VOtoxv11","tokenType":"BearerToken","issuedAt":"1518207064636","expiresIn":"35999","clientID":"hqquQTn9AA4GWOAKyqCpppnFQ0Z3nuHM","org":"pitneybowes"}"
14:11:04.836 [Test worker] DEBUG org.apache.http.headers - http-outgoing-0 << HTTP/1.1 200 OK
14:11:04.836 [Test worker] DEBUG org.apache.http.headers - http-outgoing-0 << Access-Control-Allow-Origin: *
14:11:04.836 [Test worker] DEBUG org.apache.http.headers - http-outgoing-0 << Content-Type: application/json
14:11:04.836 [Test worker] DEBUG org.apache.http.headers - http-outgoing-0 << Date: Fri, 09 Feb 2018 20:11:04 GMT
14:11:04.837 [Test worker] DEBUG org.apache.http.headers - http-outgoing-0 << Content-Length: 186
14:11:04.837 [Test worker] DEBUG org.apache.http.headers - http-outgoing-0 << Connection: keep-alive
14:11:04.837 [Test worker] DEBUG org.apache.http.impl.execchain.MainClientExec - Connection can be kept alive indefinitely
14:11:04.837 [Test worker] DEBUG org.apache.http.impl.conn.PoolingHttpClientConnectionManager - Connection [id: 0][route: {s}->https://api.pitneybowes.com:443] can be kept alive indefinitely
14:11:04.838 [Test worker] DEBUG org.apache.http.impl.conn.PoolingHttpClientConnectionManager - Connection released: [id: 0][route: {s}->https://api.pitneybowes.com:443][total kept alive: 1; route allocated: 1 of 2; total allocated: 1 of 20]
14:11:04.838 [Test worker] INFO controller.PBAPI - successfully authenticated with access token: ZxERkr57Ew5Vj584A595VOtoxv11
14:11:04.839 [Test worker] DEBUG org.apache.http.client.protocol.RequestAddCookies - CookieSpec selected: default
14:11:04.840 [Test worker] DEBUG org.apache.http.client.protocol.RequestAuthCache - Auth cache not set in the context
14:11:04.840 [Test worker] DEBUG org.apache.http.impl.conn.PoolingHttpClientConnectionManager - Connection request: [route: {s}->https://api.pitneybowes.com:443][total kept alive: 1; route allocated: 1 of 2; total allocated: 1 of 20]
14:11:04.840 [Test worker] DEBUG org.apache.http.impl.conn.PoolingHttpClientConnectionManager - Connection leased: [id: 0][route: {s}->https://api.pitneybowes.com:443][total kept alive: 0; route allocated: 1 of 2; total allocated: 1 of 20]
14:11:04.840 [Test worker] DEBUG org.apache.http.impl.conn.DefaultManagedHttpClientConnection - http-outgoing-0: set socket timeout to 60000
14:11:04.841 [Test worker] DEBUG org.apache.http.impl.execchain.MainClientExec - Executing request GET /location-intelligence/geo911/v1/ahj-psap/bylocation?latitude=44.9256313&longitude=-93.20988499999999%20 HTTP/1.1
14:11:04.841 [Test worker] DEBUG org.apache.http.impl.execchain.MainClientExec - Proxy auth state: UNCHALLENGED
14:11:04.841 [Test worker] DEBUG org.apache.http.headers - http-outgoing-0 >> GET /location-intelligence/geo911/v1/ahj-psap/bylocation?latitude=44.9256313&longitude=-93.20988499999999%20 HTTP/1.1
14:11:04.841 [Test worker] DEBUG org.apache.http.headers - http-outgoing-0 >> authorization: Bearer ZxERkr57Ew5Vj584A595VOtoxv11
14:11:04.842 [Test worker] DEBUG org.apache.http.headers - http-outgoing-0 >> accept-encoding: gzip
14:11:04.842 [Test worker] DEBUG org.apache.http.headers - http-outgoing-0 >> user-agent: unirest-java/1.1
14:11:04.842 [Test worker] DEBUG org.apache.http.headers - http-outgoing-0 >> Host: api.pitneybowes.com
14:11:04.842 [Test worker] DEBUG org.apache.http.headers - http-outgoing-0 >> Connection: Keep-Alive
14:11:04.842 [Test worker] DEBUG org.apache.http.wire - http-outgoing-0 >> "GET /location-intelligence/geo911/v1/ahj-psap/bylocation?latitude=44.9256313&longitude=-93.20988499999999%20 HTTP/1.1[\r][\n]"
14:11:04.842 [Test worker] DEBUG org.apache.http.wire - http-outgoing-0 >> "authorization: Bearer ZxERkr57Ew5Vj584A595VOtoxv11[\r][\n]"
14:11:04.842 [Test worker] DEBUG org.apache.http.wire - http-outgoing-0 >> "accept-encoding: gzip[\r][\n]"
14:11:04.843 [Test worker] DEBUG org.apache.http.wire - http-outgoing-0 >> "user-agent: unirest-java/1.1[\r][\n]"
14:11:04.843 [Test worker] DEBUG org.apache.http.wire - http-outgoing-0 >> "Host: api.pitneybowes.com[\r][\n]"
14:11:04.843 [Test worker] DEBUG org.apache.http.wire - http-outgoing-0 >> "Connection: Keep-Alive[\r][\n]"
14:11:04.843 [Test worker] DEBUG org.apache.http.wire - http-outgoing-0 >> "[\r][\n]"
14:11:04.961 [Test worker] DEBUG org.apache.http.wire - http-outgoing-0 << "HTTP/1.1 200 OK[\r][\n]"
14:11:04.961 [Test worker] DEBUG org.apache.http.wire - http-outgoing-0 << "Access-Control-Allow-Credentials: true[\r][\n]"
14:11:04.961 [Test worker] DEBUG org.apache.http.wire - http-outgoing-0 << "Access-Control-Allow-Headers: accept, authorization, content-type[\r][\n]"
14:11:04.962 [Test worker] DEBUG org.apache.http.wire - http-outgoing-0 << "Access-Control-Allow-Methods: GET, PUT, POST, DELETE, OPTIONS[\r][\n]"
14:11:04.962 [Test worker] DEBUG org.apache.http.wire - http-outgoing-0 << "Access-Control-Allow-Origin: *[\r][\n]"
14:11:04.962 [Test worker] DEBUG org.apache.http.wire - http-outgoing-0 << "Access-Control-Max-Age: 3628800[\r][\n]"
14:11:04.962 [Test worker] DEBUG org.apache.http.wire - http-outgoing-0 << "Content-Type: application/json[\r][\n]"
14:11:04.962 [Test worker] DEBUG org.apache.http.wire - http-outgoing-0 << "Date: Fri, 09 Feb 2018 20:11:04 GMT[\r][\n]"
14:11:04.962 [Test worker] DEBUG org.apache.http.wire - http-outgoing-0 << "X-PB-IsBilled: true[\r][\n]"
14:11:04.962 [Test worker] DEBUG org.apache.http.wire - http-outgoing-0 << "X-PB-MessageWeight: 100[\r][\n]"
14:11:04.963 [Test worker] DEBUG org.apache.http.wire - http-outgoing-0 << "Content-Length: 2460[\r][\n]"
14:11:04.963 [Test worker] DEBUG org.apache.http.wire - http-outgoing-0 << "Connection: keep-alive[\r][\n]"
14:11:04.963 [Test worker] DEBUG org.apache.http.wire - http-outgoing-0 << "[\r][\n]"
14:11:04.964 [Test worker] DEBUG org.apache.http.wire - http-outgoing-0 << "{"ahjs":{"ahjs":[{"ahjType":"fire","ahjId":"552.00000000000","agency":"Hennepin County South","phone":"763-525-6210","comments":"","coverage":{"area":"Portion of Hennepin(MN) County","exceptions":"None"},"contactPerson":{"phone":"763-525-6210"},"mailingAddress":{"formattedAddress":"9300 Naper Street Golden Valley MN 55427","mainAddressLine":"9300 Naper Street","addressLastLine":"","placeName":"","areaName1":"MN","areaName2":"","areaName3":"Golden Valley","areaName4":"","postCode":"55427","postCodeExt":"","country":"USA","addressNumber":"","streetName":"","unitType":"","unitValue":""}},{"ahjType":"police","ahjId":"545.00000000000","agency":"Hennepin County South","phone":"763-525-6210","comments":"","coverage":{"area":"Portion of Hennepin(MN) County","exceptions":"None"},"contactPerson":{"phone":"651-643-8398"},"mailingAddress":{"formattedAddress":"9300 Naper Street Golden Valley MN 55427","mainAddressLine":"9300 Naper Street","addressLastLine":"","placeName":"","areaName1":"MN","areaName2":"","areaName3":"Golden Valley","areaName4":"","postCode":"55427","postCodeExt":"","country":"USA","addressNumber":"","streetName":"","unitType":"","unitValue":""}}]},"psap":{"fccId":"3669","type":"Enhanced","agency":"Minneapolis Emergency Communications Center","phone":"612-348-2345","county":{"name":"Hennepin","fips":"27053"},"coverage":{"area":"Portion of Hennepin(MN) County","comments":"None","exceptions":"None"},"contactPerson":{"title":"9-1-1 Director","prefix":"Ms.","firstName":"Heather","lastName":"Hunt","phone":"612-673-5921","fax":"612-348-7217","email":"N/A","additionalDetails":"None"},"siteDetails":{"phone":"612-348-2345","fax":"612-348-7217","address":{"formattedAddress":"350 South 5th Street, Room B-911, City Hall Minneapolis MN 55415-1318","mainAddressLine":"350 South 5th Street, Room B-911, City Hall","addressLastLine":"","placeName":"","areaName1":"MN","areaName2":"","areaName3":"Minneapolis","areaName4":"","postCode":"55415-1318","postCodeExt":"","country":"USA","addressNumber":"","streetName":"","unitType":"","unitValue":""}},"mailingAddress":{"formattedAddress":"350 South 5th Street, Room B-911, City Hall Minneapolis MN 55415","mainAddressLine":"350 South 5th Street, Room B-911, City Hall","addressLastLine":"","placeName":"","areaName1":"MN","areaName2":"","areaName3":"Minneapolis","areaName4":"","postCode":"55415","postCodeExt":"","country":"USA","addressNumber":"","streetName":"","unitType":"","unitValue":""}}}"
14:11:04.965 [Test worker] DEBUG org.apache.http.headers - http-outgoing-0 << HTTP/1.1 200 OK
14:11:04.965 [Test worker] DEBUG org.apache.http.headers - http-outgoing-0 << Access-Control-Allow-Credentials: true
14:11:04.965 [Test worker] DEBUG org.apache.http.headers - http-outgoing-0 << Access-Control-Allow-Headers: accept, authorization, content-type
14:11:04.965 [Test worker] DEBUG org.apache.http.headers - http-outgoing-0 << Access-Control-Allow-Methods: GET, PUT, POST, DELETE, OPTIONS
14:11:04.966 [Test worker] DEBUG org.apache.http.headers - http-outgoing-0 << Access-Control-Allow-Origin: *
14:11:04.966 [Test worker] DEBUG org.apache.http.headers - http-outgoing-0 << Access-Control-Max-Age: 3628800
14:11:04.966 [Test worker] DEBUG org.apache.http.headers - http-outgoing-0 << Content-Type: application/json
14:11:04.966 [Test worker] DEBUG org.apache.http.headers - http-outgoing-0 << Date: Fri, 09 Feb 2018 20:11:04 GMT
14:11:04.966 [Test worker] DEBUG org.apache.http.headers - http-outgoing-0 << X-PB-IsBilled: true
14:11:04.966 [Test worker] DEBUG org.apache.http.headers - http-outgoing-0 << X-PB-MessageWeight: 100
14:11:04.966 [Test worker] DEBUG org.apache.http.headers - http-outgoing-0 << Content-Length: 2460
14:11:04.967 [Test worker] DEBUG org.apache.http.headers - http-outgoing-0 << Connection: keep-alive
14:11:04.967 [Test worker] DEBUG org.apache.http.impl.execchain.MainClientExec - Connection can be kept alive indefinitely
14:11:04.967 [Test worker] DEBUG org.apache.http.impl.conn.PoolingHttpClientConnectionManager - Connection [id: 0][route: {s}->https://api.pitneybowes.com:443] can be kept alive indefinitely
14:11:04.968 [Test worker] DEBUG org.apache.http.impl.conn.PoolingHttpClientConnectionManager - Connection released: [id: 0][route: {s}->https://api.pitneybowes.com:443][total kept alive: 1; route allocated: 1 of 2; total allocated: 1 of 20]
14:11:04.973 [Test worker] INFO controller.PBAPI - ahj info for lat: 44.9256313 long: -93.20988499999999 :
{"psap":{"coverage":{"area":"Portion of Hennepin(MN) County","comments":"None","exceptions":"None"},"agency":"Minneapolis Emergency Communications Center","phone":"612-348-2345","mailingAddress":{"country":"USA","unitType":"","areaName1":"MN","areaName2":"","streetName":"","areaName3":"Minneapolis","formattedAddress":"350 South 5th Street, Room B-911, City Hall Minneapolis MN 55415","areaName4":"","addressNumber":"","mainAddressLine":"350 South 5th Street, Room B-911, City Hall","postCode":"55415","postCodeExt":"","placeName":"","addressLastLine":"","unitValue":""},"county":{"name":"Hennepin","fips":"27053"},"contactPerson":{"firstName":"Heather","lastName":"Hunt","phone":"612-673-5921","prefix":"Ms.","title":"9-1-1 Director","fax":"612-348-7217","additionalDetails":"None","email":"N/A"},"fccId":"3669","type":"Enhanced","siteDetails":{"address":{"country":"USA","unitType":"","areaName1":"MN","areaName2":"","streetName":"","areaName3":"Minneapolis","formattedAddress":"350 South 5th Street, Room B-911, City Hall Minneapolis MN 55415-1318","areaName4":"","addressNumber":"","mainAddressLine":"350 South 5th Street, Room B-911, City Hall","postCode":"55415-1318","postCodeExt":"","placeName":"","addressLastLine":"","unitValue":""},"phone":"612-348-2345","fax":"612-348-7217"}},"ahjs":{"ahjs":[{"coverage":{"area":"Portion of Hennepin(MN) County","exceptions":"None"},"comments":"","agency":"Hennepin County South","phone":"763-525-6210","mailingAddress":{"country":"USA","unitType":"","areaName1":"MN","areaName2":"","streetName":"","areaName3":"Golden Valley","formattedAddress":"9300 Naper Street Golden Valley MN 55427","areaName4":"","addressNumber":"","mainAddressLine":"9300 Naper Street","postCode":"55427","postCodeExt":"","placeName":"","addressLastLine":"","unitValue":""},"ahjId":"552.00000000000","contactPerson":{"phone":"763-525-6210"},"ahjType":"fire"},{"coverage":{"area":"Portion of Hennepin(MN) County","exceptions":"None"},"comments":"","agency":"Hennepin County South","phone":"763-525-6210","mailingAddress":{"country":"USA","unitType":"","areaName1":"MN","areaName2":"","streetName":"","areaName3":"Golden Valley","formattedAddress":"9300 Naper Street Golden Valley MN 55427","areaName4":"","addressNumber":"","mainAddressLine":"9300 Naper Street","postCode":"55427","postCodeExt":"","placeName":"","addressLastLine":"","unitValue":""},"ahjId":"545.00000000000","contactPerson":{"phone":"651-643-8398"},"ahjType":"police"}]}}
{"ahjs":[{"coverage":{"area":"Portion of Hennepin(MN) County","exceptions":"None"},"comments":"","agency":"Hennepin County South","phone":"763-525-6210","mailingAddress":{"country":"USA","unitType":"","areaName1":"MN","areaName2":"","streetName":"","areaName3":"Golden Valley","formattedAddress":"9300 Naper Street Golden Valley MN 55427","areaName4":"","addressNumber":"","mainAddressLine":"9300 Naper Street","postCode":"55427","postCodeExt":"","placeName":"","addressLastLine":"","unitValue":""},"ahjId":"552.00000000000","contactPerson":{"phone":"763-525-6210"},"ahjType":"fire"},{"coverage":{"area":"Portion of Hennepin(MN) County","exceptions":"None"},"comments":"","agency":"Hennepin County South","phone":"763-525-6210","mailingAddress":{"country":"USA","unitType":"","areaName1":"MN","areaName2":"","streetName":"","areaName3":"Golden Valley","formattedAddress":"9300 Naper Street Golden Valley MN 55427","areaName4":"","addressNumber":"","mainAddressLine":"9300 Naper Street","postCode":"55427","postCodeExt":"","placeName":"","addressLastLine":"","unitValue":""},"ahjId":"545.00000000000","contactPerson":{"phone":"651-643-8398"},"ahjType":"police"}]}
{"ahjs":[{"ahjType":"ems","ahjId":"1215.00000000000","agency":"San Jose Police and Fire","phone":"408-277-8991","comments":"","coverage":{"area":"Portion of Santa Clara(CA) County","exceptions":"None"},"contactPerson":{"phone":"408-277-8911"},"mailingAddress":{"formattedAddress":"201 West Mission Street San Jose CA 95110","mainAddressLine":"201 West Mission Street","addressLastLine":"","placeName":"","areaName1":"CA","areaName2":"","areaName3":"San Jose","areaName4":"","postCode":"95110","postCodeExt":"","country":"USA","addressNumber":"","streetName":"","unitType":"","unitValue":""}},{"ahjType":"fire","ahjId":"1185.00000000000","agency":"San Jose Police and Fire","phone":"408-277-8991","comments":"","coverage":{"area":"Portion of Santa Clara(CA) County","exceptions":"None"},"contactPerson":{"phone":"408-277-8911"},"mailingAddress":{"formattedAddress":"201 West Mission Street San Jose CA 95110","mainAddressLine":"201 West Mission Street","addressLastLine":"","placeName":"","areaName1":"CA","areaName2":"","areaName3":"San Jose","areaName4":"","postCode":"95110","postCodeExt":"","country":"USA","addressNumber":"","streetName":"","unitType":"","unitValue":""}},{"ahjType":"police","ahjId":"1179.00000000000","agency":"Santa Clara Communications","phone":"408-289-9530","comments":"","coverage":{"area":"Portion of Santa Clara(CA) County","exceptions":"None"},"contactPerson":{"phone":"408-977-3272"},"mailingAddress":{"formattedAddress":"2700 Carol Drive San Jose CA 95125","mainAddressLine":"2700 Carol Drive","addressLastLine":"","placeName":"","areaName1":"CA","areaName2":"","areaName3":"San Jose","areaName4":"","postCode":"95125","postCodeExt":"","country":"USA","addressNumber":"","streetName":"","unitType":"","unitValue":""}}],"psap":{"fccId":"935","type":"Enhanced","agency":"San Jose Police Department","phone":"408-277-8911","county":{"name":"Santa Clara","fips":"06085"},"coverage":{"area":"Portion of Santa Clara(CA) County","comments":"None","exceptions":"None"},"contactPerson":{"title":"Communications Division Manager","prefix":"Ms.","firstName":"Joey","lastName":"McDonald","phone":"408-277-4212","fax":"408-294-6911","email":"N/A","additionalDetails":"None"},"siteDetails":{"phone":"408-277-8911","fax":"408-294-6911","address":{"formattedAddress":"201 West Mission Street San Jose CA 95110","mainAddressLine":"201 West Mission Street","addressLastLine":"","placeName":"","areaName1":"CA","areaName2":"","areaName3":"San Jose","areaName4":"","postCode":"95110","postCodeExt":"","country":"USA","addressNumber":"","streetName":"","unitType":"","unitValue":""}},"mailingAddress":{"formattedAddress":"201 West Mission Street San Jose CA 95110","mainAddressLine":"201 West Mission Street","addressLastLine":"","placeName":"","areaName1":"CA","areaName2":"","areaName3":"San Jose","areaName4":"","postCode":"95110","postCodeExt":"","country":"USA","addressNumber":"","streetName":"","unitType":"","unitValue":""}}}
]]></system-out>
  <system-err><![CDATA[]]></system-err>
</testsuite>
